
2018-08-22 20:11:01 Commons Daemon procrun stderr initialized
Aug 22, 2018 8:11:05 PM org.apache.catalina.core.AprLifecycleListener init
INFO: Loaded APR based Apache Tomcat Native library 1.2.17 using APR version 1.6.3.
Aug 22, 2018 8:11:05 PM org.apache.catalina.core.AprLifecycleListener init
INFO: APR capabilities: IPv6 [true], sendfile [true], accept filters [false], random [true].
Aug 22, 2018 8:11:06 PM org.apache.catalina.core.AprLifecycleListener initializeSSL
INFO: OpenSSL successfully initialized (OpenSSL 1.0.2o  27 Mar 2018)
Aug 22, 2018 8:11:07 PM org.apache.coyote.AbstractProtocol init
INFO: Initializing ProtocolHandler ["http-apr-80"]
Aug 22, 2018 8:11:07 PM org.apache.coyote.AbstractProtocol init
INFO: Initializing ProtocolHandler ["http-apr-443"]
Aug 22, 2018 8:11:07 PM org.apache.catalina.startup.Catalina load
INFO: Initialization processed in 4335 ms
Aug 22, 2018 8:11:07 PM org.apache.catalina.core.StandardService startInternal
INFO: Starting service Catalina
Aug 22, 2018 8:11:07 PM org.apache.catalina.core.StandardEngine startInternal
INFO: Starting Servlet Engine: Apache Tomcat/7.0.32
Aug 22, 2018 8:11:07 PM org.apache.catalina.startup.HostConfig deployDirectory
INFO: Deploying web application directory D:\Program Files (x86)\SAP BusinessObjects\tomcat\webapps\AdminTools
Aug 22, 2018 8:11:09 PM org.apache.catalina.startup.SetContextPropertiesRule begin
WARNING: [SetContextPropertiesRule]{Context} Setting property 'debug' to '0' did not find a matching property.
Aug 22, 2018 8:11:09 PM org.apache.catalina.startup.SetContextPropertiesRule begin
WARNING: [SetContextPropertiesRule]{Context} Setting property 'trusted' to 'false' did not find a matching property.
Aug 22, 2018 8:11:13 PM org.apache.catalina.startup.HostConfig deployDirectory
INFO: Deploying web application directory D:\Program Files (x86)\SAP BusinessObjects\tomcat\webapps\BOE
Aug 22, 2018 8:11:13 PM org.apache.catalina.startup.SetContextPropertiesRule begin
WARNING: [SetContextPropertiesRule]{Context} Setting property 'debug' to '0' did not find a matching property.
Aug 22, 2018 8:11:13 PM org.apache.catalina.startup.SetContextPropertiesRule begin
WARNING: [SetContextPropertiesRule]{Context} Setting property 'trusted' to 'false' did not find a matching property.
Aug 22, 2018 8:11:14 PM org.apache.catalina.startup.TaglibUriRule body
INFO: TLD skipped. URI: http://java.sun.com/jstl/core_rt is already defined
Aug 22, 2018 8:11:14 PM org.apache.catalina.startup.TaglibUriRule body
INFO: TLD skipped. URI: http://java.sun.com/jstl/core is already defined
Aug 22, 2018 8:11:15 PM org.apache.catalina.startup.TaglibUriRule body
INFO: TLD skipped. URI: http://java.sun.com/jstl/fmt is already defined
Aug 22, 2018 8:11:16 PM org.apache.catalina.startup.TaglibUriRule body
INFO: TLD skipped. URI: http://java.sun.com/jstl/core is already defined
Aug 22, 2018 8:11:16 PM org.apache.catalina.startup.TaglibUriRule body
INFO: TLD skipped. URI: http://java.sun.com/jstl/core_rt is already defined
Aug 22, 2018 8:11:16 PM org.apache.catalina.startup.TaglibUriRule body
INFO: TLD skipped. URI: /WEB-INF/cetaglib is already defined
Aug 22, 2018 8:11:16 PM org.apache.catalina.startup.TaglibUriRule body
INFO: TLD skipped. URI: http://java.sun.com/jstl/fmt is already defined
Aug 22, 2018 8:11:16 PM org.apache.catalina.startup.TaglibUriRule body
INFO: TLD skipped. URI: http://java.sun.com/jstl/core is already defined
Aug 22, 2018 8:11:16 PM org.apache.catalina.startup.TaglibUriRule body
INFO: TLD skipped. URI: /WEB-INF/cetaglib is already defined
Aug 22, 2018 8:11:16 PM org.apache.catalina.startup.TaglibUriRule body
INFO: TLD skipped. URI: http://java.sun.com/jstl/core_rt is already defined
Aug 22, 2018 8:11:16 PM org.apache.catalina.startup.TaglibUriRule body
INFO: TLD skipped. URI: http://java.sun.com/jstl/fmt is already defined
Aug 22, 2018 8:11:17 PM org.apache.catalina.startup.TaglibUriRule body
INFO: TLD skipped. URI: http://java.sun.com/jstl/core is already defined
Aug 22, 2018 8:11:17 PM org.apache.catalina.startup.TaglibUriRule body
INFO: TLD skipped. URI: http://java.sun.com/jstl/fmt is already defined
Aug 22, 2018 8:11:17 PM org.apache.catalina.startup.TaglibUriRule body
INFO: TLD skipped. URI: http://java.sun.com/jstl/core_rt is already defined
Aug 22, 2018 8:11:17 PM org.apache.catalina.startup.TaglibUriRule body
INFO: TLD skipped. URI: http://jakarta.apache.org/struts/tags-template-1.0 is already defined
Aug 22, 2018 8:11:17 PM org.apache.catalina.startup.TaglibUriRule body
INFO: TLD skipped. URI: http://java.sun.com/jstl/core is already defined
Aug 22, 2018 8:11:17 PM org.apache.catalina.startup.TaglibUriRule body
INFO: TLD skipped. URI: http://java.sun.com/jstl/fmt is already defined
Aug 22, 2018 8:11:17 PM org.apache.catalina.startup.TaglibUriRule body
INFO: TLD skipped. URI: http://java.sun.com/jstl/core_rt is already defined
Aug 22, 2018 8:11:17 PM org.apache.catalina.startup.TaglibUriRule body
INFO: TLD skipped. URI: /WEB-INF/cetaglib is already defined
Aug 22, 2018 8:11:17 PM org.apache.catalina.startup.TaglibUriRule body
INFO: TLD skipped. URI: http://java.sun.com/jstl/core_rt is already defined
Aug 22, 2018 8:11:17 PM org.apache.catalina.startup.TaglibUriRule body
INFO: TLD skipped. URI: taglibrary is already defined
Aug 22, 2018 8:11:17 PM org.apache.catalina.startup.TaglibUriRule body
INFO: TLD skipped. URI: /WEB-INF/cetaglib is already defined
Aug 22, 2018 8:11:17 PM org.apache.catalina.startup.TaglibUriRule body
INFO: TLD skipped. URI: http://java.sun.com/jstl/core is already defined
Aug 22, 2018 8:11:17 PM org.apache.catalina.startup.TaglibUriRule body
INFO: TLD skipped. URI: http://java.sun.com/jstl/fmt is already defined
Aug 22, 2018 8:11:20 PM org.apache.catalina.startup.TaglibUriRule body
INFO: TLD skipped. URI: http://www.businessobjects.com/jsf/cmcappactions is already defined
Aug 22, 2018 8:11:20 PM org.apache.catalina.startup.TaglibUriRule body
INFO: TLD skipped. URI: http://java.sun.com/jstl/fmt is already defined
Aug 22, 2018 8:11:20 PM org.apache.catalina.startup.TaglibUriRule body
INFO: TLD skipped. URI: http://jakarta.apache.org/struts/tags-template-1.0 is already defined
Aug 22, 2018 8:11:20 PM org.apache.catalina.startup.TaglibUriRule body
INFO: TLD skipped. URI: http://java.sun.com/jstl/core is already defined
Aug 22, 2018 8:11:20 PM org.apache.catalina.startup.TaglibUriRule body
INFO: TLD skipped. URI: /WEB-INF/cetaglib is already defined
Aug 22, 2018 8:11:20 PM org.apache.catalina.startup.TaglibUriRule body
INFO: TLD skipped. URI: http://java.sun.com/jstl/core_rt is already defined
Aug 22, 2018 8:11:22 PM org.apache.catalina.startup.TaglibUriRule body
INFO: TLD skipped. URI: http://java.sun.com/jstl/core is already defined
Aug 22, 2018 8:11:22 PM org.apache.catalina.startup.TaglibUriRule body
INFO: TLD skipped. URI: http://java.sun.com/jstl/core_rt is already defined
Aug 22, 2018 8:11:22 PM org.apache.catalina.startup.TaglibUriRule body
INFO: TLD skipped. URI: http://java.sun.com/jstl/fmt is already defined
Aug 22, 2018 8:11:22 PM org.apache.catalina.startup.TaglibUriRule body
INFO: TLD skipped. URI: /WEB-INF/cetaglib is already defined
Aug 22, 2018 8:11:22 PM org.apache.catalina.startup.TaglibUriRule body
INFO: TLD skipped. URI: http://java.sun.com/jstl/core is already defined
Aug 22, 2018 8:11:22 PM org.apache.catalina.startup.TaglibUriRule body
INFO: TLD skipped. URI: http://java.sun.com/jstl/fmt is already defined
Aug 22, 2018 8:11:22 PM org.apache.catalina.startup.TaglibUriRule body
INFO: TLD skipped. URI: http://java.sun.com/jstl/core_rt is already defined
Aug 22, 2018 8:11:22 PM org.apache.catalina.startup.TaglibUriRule body
INFO: TLD skipped. URI: /WEB-INF/cetaglib is already defined
Aug 22, 2018 8:11:22 PM org.apache.catalina.startup.TaglibUriRule body
INFO: TLD skipped. URI: http://java.sun.com/jstl/core is already defined
Aug 22, 2018 8:11:22 PM org.apache.catalina.startup.TaglibUriRule body
INFO: TLD skipped. URI: /WEB-INF/cetaglib is already defined
Aug 22, 2018 8:11:22 PM org.apache.catalina.startup.TaglibUriRule body
INFO: TLD skipped. URI: http://jakarta.apache.org/struts/tags-template-1.0 is already defined
Aug 22, 2018 8:11:22 PM org.apache.catalina.startup.TaglibUriRule body
INFO: TLD skipped. URI: http://java.sun.com/jstl/fmt is already defined
Aug 22, 2018 8:11:22 PM org.apache.catalina.startup.TaglibUriRule body
INFO: TLD skipped. URI: http://java.sun.com/jstl/core is already defined
Aug 22, 2018 8:11:22 PM org.apache.catalina.startup.TaglibUriRule body
INFO: TLD skipped. URI: http://java.sun.com/jstl/core_rt is already defined
Aug 22, 2018 8:11:23 PM org.apache.catalina.startup.TaglibUriRule body
INFO: TLD skipped. URI: http://jakarta.apache.org/struts/tags-logic is already defined
Aug 22, 2018 8:11:23 PM org.apache.catalina.startup.TaglibUriRule body
INFO: TLD skipped. URI: http://jakarta.apache.org/struts/tags-bean is already defined
Aug 22, 2018 8:11:23 PM org.apache.catalina.session.StandardManager doLoad
SEVERE: IOException while loading persisted sessions: java.io.EOFException
java.io.EOFException
	at java.io.ObjectInputStream$PeekInputStream.readFully(ObjectInputStream.java:2280)
	at java.io.ObjectInputStream$BlockDataInputStream.readShort(ObjectInputStream.java:2749)
	at java.io.ObjectInputStream.readStreamHeader(ObjectInputStream.java:779)
	at java.io.ObjectInputStream.<init>(ObjectInputStream.java:279)
	at org.apache.catalina.util.CustomObjectInputStream.<init>(CustomObjectInputStream.java:58)
	at org.apache.catalina.session.StandardManager.doLoad(StandardManager.java:246)
	at org.apache.catalina.session.StandardManager.load(StandardManager.java:204)
	at org.apache.catalina.session.StandardManager.startInternal(StandardManager.java:491)
	at org.apache.catalina.util.LifecycleBase.start(LifecycleBase.java:150)
	at org.apache.catalina.core.StandardContext.startInternal(StandardContext.java:5294)
	at org.apache.catalina.util.LifecycleBase.start(LifecycleBase.java:150)
	at org.apache.catalina.core.ContainerBase.addChildInternal(ContainerBase.java:901)
	at org.apache.catalina.core.ContainerBase.addChild(ContainerBase.java:877)
	at org.apache.catalina.core.StandardHost.addChild(StandardHost.java:633)
	at org.apache.catalina.startup.HostConfig.deployDirectory(HostConfig.java:1105)
	at org.apache.catalina.startup.HostConfig$DeployDirectory.run(HostConfig.java:1664)
	at java.util.concurrent.Executors$RunnableAdapter.call(Executors.java:439)
	at java.util.concurrent.FutureTask$Sync.innerRun(FutureTask.java:303)
	at java.util.concurrent.FutureTask.run(FutureTask.java:138)
	at java.util.concurrent.ThreadPoolExecutor$Worker.runTask(ThreadPoolExecutor.java:886)
	at java.util.concurrent.ThreadPoolExecutor$Worker.run(ThreadPoolExecutor.java:908)
	at java.lang.Thread.run(Thread.java:743)
Aug 22, 2018 8:11:23 PM org.apache.catalina.session.StandardManager startInternal
SEVERE: Exception loading sessions from persistent storage
java.io.EOFException
	at java.io.ObjectInputStream$PeekInputStream.readFully(ObjectInputStream.java:2280)
	at java.io.ObjectInputStream$BlockDataInputStream.readShort(ObjectInputStream.java:2749)
	at java.io.ObjectInputStream.readStreamHeader(ObjectInputStream.java:779)
	at java.io.ObjectInputStream.<init>(ObjectInputStream.java:279)
	at org.apache.catalina.util.CustomObjectInputStream.<init>(CustomObjectInputStream.java:58)
	at org.apache.catalina.session.StandardManager.doLoad(StandardManager.java:246)
	at org.apache.catalina.session.StandardManager.load(StandardManager.java:204)
	at org.apache.catalina.session.StandardManager.startInternal(StandardManager.java:491)
	at org.apache.catalina.util.LifecycleBase.start(LifecycleBase.java:150)
	at org.apache.catalina.core.StandardContext.startInternal(StandardContext.java:5294)
	at org.apache.catalina.util.LifecycleBase.start(LifecycleBase.java:150)
	at org.apache.catalina.core.ContainerBase.addChildInternal(ContainerBase.java:901)
	at org.apache.catalina.core.ContainerBase.addChild(ContainerBase.java:877)
	at org.apache.catalina.core.StandardHost.addChild(StandardHost.java:633)
	at org.apache.catalina.startup.HostConfig.deployDirectory(HostConfig.java:1105)
	at org.apache.catalina.startup.HostConfig$DeployDirectory.run(HostConfig.java:1664)
	at java.util.concurrent.Executors$RunnableAdapter.call(Executors.java:439)
	at java.util.concurrent.FutureTask$Sync.innerRun(FutureTask.java:303)
	at java.util.concurrent.FutureTask.run(FutureTask.java:138)
	at java.util.concurrent.ThreadPoolExecutor$Worker.runTask(ThreadPoolExecutor.java:886)
	at java.util.concurrent.ThreadPoolExecutor$Worker.run(ThreadPoolExecutor.java:908)
	at java.lang.Thread.run(Thread.java:743)
Aug 22, 2018 8:11:49 PM com.sun.faces.config.ConfigureListener contextInitialized
INFO: Initializing Mojarra (1.2_12-b01-FCS) for context '/BOE'
Aug 22, 2018 8:11:52 PM com.sun.faces.spi.InjectionProviderFactory createInstance
INFO: JSF1048: PostConstruct/PreDestroy annotations present.  ManagedBeans methods marked with these annotations will have said annotations processed.
Aug 22, 2018 8:11:58 PM org.apache.cxf.transport.servlet.CXFNonSpringServlet loadBusNoConfig
INFO: Load the bus without application context
Aug 22, 2018 8:11:58 PM org.apache.cxf.transport.servlet.AbstractCXFServlet replaceDestinationFactory
INFO: Replaced the http destination factory with servlet transport factory
Aug 22, 2018 8:11:59 PM org.apache.cxf.endpoint.ServerImpl initDestination
INFO: Setting the server's publish address to be /
Aug 22, 2018 8:12:00 PM org.apache.cxf.jaxrs.utils.ResourceUtils getResourceStream
WARNING: No classpath resource classpath:/RaylightService.xsd is available on classpath
Aug 22, 2018 8:12:00 PM org.apache.cxf.jaxrs.utils.ResourceUtils getResourceStream
WARNING: No classpath resource classpath:/RaylightService.xsd is available on classpath
Aug 22, 2018 8:12:00 PM org.apache.cxf.transport.servlet.CXFNonSpringServlet loadBusNoConfig
INFO: Load the bus without application context
Aug 22, 2018 8:12:00 PM org.apache.cxf.transport.servlet.AbstractCXFServlet replaceDestinationFactory
INFO: Replaced the http destination factory with servlet transport factory
Aug 22, 2018 8:12:03 PM org.apache.cxf.service.factory.ReflectionServiceFactoryBean buildServiceFromClass
INFO: Creating Service {urn:services-businessobjects-com:coresdk:wsgateway}Gateway from class com.businessobjects.services.coresdk.wsgateway.GatewayPort
Aug 22, 2018 8:12:04 PM org.apache.cxf.endpoint.ServerImpl initDestination
INFO: Setting the server's publish address to be /Gateway
Aug 22, 2018 8:12:05 PM org.apache.catalina.startup.HostConfig deployDirectory
INFO: Deploying web application directory D:\Program Files (x86)\SAP BusinessObjects\tomcat\webapps\BusinessProcessBI
Aug 22, 2018 8:12:05 PM org.apache.catalina.startup.SetContextPropertiesRule begin
WARNING: [SetContextPropertiesRule]{Context} Setting property 'debug' to '0' did not find a matching property.
Aug 22, 2018 8:12:05 PM org.apache.catalina.startup.SetContextPropertiesRule begin
WARNING: [SetContextPropertiesRule]{Context} Setting property 'trusted' to 'false' did not find a matching property.
Aug 22, 2018 8:12:09 PM org.apache.catalina.startup.ContextConfig validateSecurityRoles
INFO: WARNING: Security role name noaccess used in an <auth-constraint> without being defined in a <security-role>
Aug 22, 2018 8:12:11 PM org.apache.catalina.startup.HostConfig deployDirectory
INFO: Deploying web application directory D:\Program Files (x86)\SAP BusinessObjects\tomcat\webapps\clientapi
Aug 22, 2018 8:12:11 PM org.apache.catalina.startup.SetContextPropertiesRule begin
WARNING: [SetContextPropertiesRule]{Context} Setting property 'debug' to '0' did not find a matching property.
Aug 22, 2018 8:12:11 PM org.apache.catalina.startup.SetContextPropertiesRule begin
WARNING: [SetContextPropertiesRule]{Context} Setting property 'trusted' to 'false' did not find a matching property.
Aug 22, 2018 8:12:13 PM org.apache.catalina.startup.HostConfig deployDirectory
INFO: Deploying web application directory D:\Program Files (x86)\SAP BusinessObjects\tomcat\webapps\docs
Aug 22, 2018 8:12:13 PM org.apache.catalina.startup.HostConfig deployDirectory
INFO: Deploying web application directory D:\Program Files (x86)\SAP BusinessObjects\tomcat\webapps\dswsbobje
Aug 22, 2018 8:12:13 PM org.apache.catalina.startup.SetContextPropertiesRule begin
WARNING: [SetContextPropertiesRule]{Context} Setting property 'debug' to '0' did not find a matching property.
Aug 22, 2018 8:12:13 PM org.apache.catalina.startup.SetContextPropertiesRule begin
WARNING: [SetContextPropertiesRule]{Context} Setting property 'trusted' to 'false' did not find a matching property.
Aug 22, 2018 8:12:19 PM org.apache.catalina.startup.ContextConfig validateSecurityRoles
INFO: WARNING: Security role name SAPRole used in an <auth-constraint> without being defined in a <security-role>
Aug 22, 2018 8:12:19 PM org.apache.catalina.startup.ContextConfig validateSecurityRoles
INFO: WARNING: Security role name noaccess used in an <auth-constraint> without being defined in a <security-role>
Aug 22, 2018 8:12:24 PM org.apache.catalina.startup.HostConfig deployDirectory
INFO: Deploying web application directory D:\Program Files (x86)\SAP BusinessObjects\tomcat\webapps\host-manager
Aug 22, 2018 8:12:24 PM org.apache.catalina.startup.HostConfig deployDirectory
INFO: Deploying web application directory D:\Program Files (x86)\SAP BusinessObjects\tomcat\webapps\manager
Aug 22, 2018 8:12:24 PM org.apache.catalina.startup.HostConfig deployDirectory
INFO: Deploying web application directory D:\Program Files (x86)\SAP BusinessObjects\tomcat\webapps\MobileBIService
Aug 22, 2018 8:12:24 PM org.apache.catalina.startup.SetContextPropertiesRule begin
WARNING: [SetContextPropertiesRule]{Context} Setting property 'debug' to '0' did not find a matching property.
Aug 22, 2018 8:12:24 PM org.apache.catalina.startup.SetContextPropertiesRule begin
WARNING: [SetContextPropertiesRule]{Context} Setting property 'trusted' to 'false' did not find a matching property.
Aug 22, 2018 8:12:51 PM org.apache.catalina.startup.HostConfig deployDirectory
INFO: Deploying web application directory D:\Program Files (x86)\SAP BusinessObjects\tomcat\webapps\MOBIServer
Aug 22, 2018 8:12:51 PM org.apache.catalina.startup.SetContextPropertiesRule begin
WARNING: [SetContextPropertiesRule]{Context} Setting property 'debug' to '0' did not find a matching property.
Aug 22, 2018 8:12:51 PM org.apache.catalina.startup.SetContextPropertiesRule begin
WARNING: [SetContextPropertiesRule]{Context} Setting property 'trusted' to 'false' did not find a matching property.
Aug 22, 2018 8:12:51 PM org.apache.catalina.startup.HostConfig deployDirectory
INFO: Deploying web application directory D:\Program Files (x86)\SAP BusinessObjects\tomcat\webapps\ROOT
Aug 22, 2018 8:12:51 PM org.apache.coyote.AbstractProtocol start
INFO: Starting ProtocolHandler ["http-apr-80"]
Aug 22, 2018 8:12:53 PM org.apache.coyote.AbstractProtocol start
INFO: Starting ProtocolHandler ["http-apr-443"]
Aug 22, 2018 8:12:55 PM org.apache.catalina.startup.Catalina start
INFO: Server startup in 107614 ms
Aug 23, 2018 9:22:57 AM org.apache.catalina.core.StandardWrapperValve invoke
SEVERE: Servlet.service() for servlet [AxisServlet] in context with path [/dswsbobje] threw exception [https is forbidden] with root cause
javax.servlet.ServletException: https is forbidden
	at org.apache.axis2.transport.http.AxisServlet.preprocessRequest(AxisServlet.java:637)
	at org.apache.axis2.transport.http.AxisServlet.doPost(AxisServlet.java:132)
	at javax.servlet.http.HttpServlet.service(HttpServlet.java:641)
	at javax.servlet.http.HttpServlet.service(HttpServlet.java:722)
	at org.apache.catalina.core.ApplicationFilterChain.internalDoFilter(ApplicationFilterChain.java:305)
	at org.apache.catalina.core.ApplicationFilterChain.doFilter(ApplicationFilterChain.java:210)
	at com.businessobjects.dsws.wsc.common.http.GenerateSessionIDFilter.doFilter(GenerateSessionIDFilter.java:33)
	at org.apache.catalina.core.ApplicationFilterChain.internalDoFilter(ApplicationFilterChain.java:243)
	at org.apache.catalina.core.ApplicationFilterChain.doFilter(ApplicationFilterChain.java:210)
	at com.businessobjects.sdk.actionfilter.WorkflowFilter.doFilter(WorkflowFilter.java:45)
	at org.apache.catalina.core.ApplicationFilterChain.internalDoFilter(ApplicationFilterChain.java:243)
	at org.apache.catalina.core.ApplicationFilterChain.doFilter(ApplicationFilterChain.java:210)
	at com.businessobjects.dsws.wsc.common.axis.FlashFilter.doFilter(FlashFilter.java:45)
	at org.apache.catalina.core.ApplicationFilterChain.internalDoFilter(ApplicationFilterChain.java:243)
	at org.apache.catalina.core.ApplicationFilterChain.doFilter(ApplicationFilterChain.java:210)
	at org.apache.catalina.core.StandardWrapperValve.invoke(StandardWrapperValve.java:222)
	at org.apache.catalina.core.StandardContextValve.invoke(StandardContextValve.java:123)
	at org.apache.catalina.authenticator.AuthenticatorBase.invoke(AuthenticatorBase.java:472)
	at org.apache.catalina.core.StandardHostValve.invoke(StandardHostValve.java:168)
	at org.apache.catalina.valves.ErrorReportValve.invoke(ErrorReportValve.java:99)
	at org.apache.catalina.core.StandardEngineValve.invoke(StandardEngineValve.java:118)
	at org.apache.catalina.connector.CoyoteAdapter.service(CoyoteAdapter.java:407)
	at org.apache.coyote.http11.AbstractHttp11Processor.process(AbstractHttp11Processor.java:1002)
	at org.apache.coyote.AbstractProtocol$AbstractConnectionHandler.process(AbstractProtocol.java:585)
	at org.apache.tomcat.util.net.AprEndpoint$SocketProcessor.run(AprEndpoint.java:1813)
	at java.util.concurrent.ThreadPoolExecutor$Worker.runTask(ThreadPoolExecutor.java:886)
	at java.util.concurrent.ThreadPoolExecutor$Worker.run(ThreadPoolExecutor.java:908)
	at java.lang.Thread.run(Thread.java:743)
Aug 23, 2018 9:24:30 AM org.apache.catalina.core.StandardWrapperValve invoke
SEVERE: Servlet.service() for servlet [AxisServlet] in context with path [/dswsbobje] threw exception [https is forbidden] with root cause
javax.servlet.ServletException: https is forbidden
	at org.apache.axis2.transport.http.AxisServlet.preprocessRequest(AxisServlet.java:637)
	at org.apache.axis2.transport.http.AxisServlet.doPost(AxisServlet.java:132)
	at javax.servlet.http.HttpServlet.service(HttpServlet.java:641)
	at javax.servlet.http.HttpServlet.service(HttpServlet.java:722)
	at org.apache.catalina.core.ApplicationFilterChain.internalDoFilter(ApplicationFilterChain.java:305)
	at org.apache.catalina.core.ApplicationFilterChain.doFilter(ApplicationFilterChain.java:210)
	at com.businessobjects.dsws.wsc.common.http.GenerateSessionIDFilter.doFilter(GenerateSessionIDFilter.java:33)
	at org.apache.catalina.core.ApplicationFilterChain.internalDoFilter(ApplicationFilterChain.java:243)
	at org.apache.catalina.core.ApplicationFilterChain.doFilter(ApplicationFilterChain.java:210)
	at com.businessobjects.sdk.actionfilter.WorkflowFilter.doFilter(WorkflowFilter.java:45)
	at org.apache.catalina.core.ApplicationFilterChain.internalDoFilter(ApplicationFilterChain.java:243)
	at org.apache.catalina.core.ApplicationFilterChain.doFilter(ApplicationFilterChain.java:210)
	at com.businessobjects.dsws.wsc.common.axis.FlashFilter.doFilter(FlashFilter.java:45)
	at org.apache.catalina.core.ApplicationFilterChain.internalDoFilter(ApplicationFilterChain.java:243)
	at org.apache.catalina.core.ApplicationFilterChain.doFilter(ApplicationFilterChain.java:210)
	at org.apache.catalina.core.StandardWrapperValve.invoke(StandardWrapperValve.java:222)
	at org.apache.catalina.core.StandardContextValve.invoke(StandardContextValve.java:123)
	at org.apache.catalina.authenticator.AuthenticatorBase.invoke(AuthenticatorBase.java:472)
	at org.apache.catalina.core.StandardHostValve.invoke(StandardHostValve.java:168)
	at org.apache.catalina.valves.ErrorReportValve.invoke(ErrorReportValve.java:99)
	at org.apache.catalina.core.StandardEngineValve.invoke(StandardEngineValve.java:118)
	at org.apache.catalina.connector.CoyoteAdapter.service(CoyoteAdapter.java:407)
	at org.apache.coyote.http11.AbstractHttp11Processor.process(AbstractHttp11Processor.java:1002)
	at org.apache.coyote.AbstractProtocol$AbstractConnectionHandler.process(AbstractProtocol.java:585)
	at org.apache.tomcat.util.net.AprEndpoint$SocketProcessor.run(AprEndpoint.java:1813)
	at java.util.concurrent.ThreadPoolExecutor$Worker.runTask(ThreadPoolExecutor.java:886)
	at java.util.concurrent.ThreadPoolExecutor$Worker.run(ThreadPoolExecutor.java:908)
	at java.lang.Thread.run(Thread.java:743)
Aug 23, 2018 10:22:03 AM org.apache.catalina.core.StandardWrapperValve invoke
SEVERE: Servlet.service() for servlet [AxisServlet] in context with path [/dswsbobje] threw exception [https is forbidden] with root cause
javax.servlet.ServletException: https is forbidden
	at org.apache.axis2.transport.http.AxisServlet.preprocessRequest(AxisServlet.java:637)
	at org.apache.axis2.transport.http.AxisServlet.doPost(AxisServlet.java:132)
	at javax.servlet.http.HttpServlet.service(HttpServlet.java:641)
	at javax.servlet.http.HttpServlet.service(HttpServlet.java:722)
	at org.apache.catalina.core.ApplicationFilterChain.internalDoFilter(ApplicationFilterChain.java:305)
	at org.apache.catalina.core.ApplicationFilterChain.doFilter(ApplicationFilterChain.java:210)
	at com.businessobjects.dsws.wsc.common.http.GenerateSessionIDFilter.doFilter(GenerateSessionIDFilter.java:33)
	at org.apache.catalina.core.ApplicationFilterChain.internalDoFilter(ApplicationFilterChain.java:243)
	at org.apache.catalina.core.ApplicationFilterChain.doFilter(ApplicationFilterChain.java:210)
	at com.businessobjects.sdk.actionfilter.WorkflowFilter.doFilter(WorkflowFilter.java:45)
	at org.apache.catalina.core.ApplicationFilterChain.internalDoFilter(ApplicationFilterChain.java:243)
	at org.apache.catalina.core.ApplicationFilterChain.doFilter(ApplicationFilterChain.java:210)
	at com.businessobjects.dsws.wsc.common.axis.FlashFilter.doFilter(FlashFilter.java:45)
	at org.apache.catalina.core.ApplicationFilterChain.internalDoFilter(ApplicationFilterChain.java:243)
	at org.apache.catalina.core.ApplicationFilterChain.doFilter(ApplicationFilterChain.java:210)
	at org.apache.catalina.core.StandardWrapperValve.invoke(StandardWrapperValve.java:222)
	at org.apache.catalina.core.StandardContextValve.invoke(StandardContextValve.java:123)
	at org.apache.catalina.authenticator.AuthenticatorBase.invoke(AuthenticatorBase.java:472)
	at org.apache.catalina.core.StandardHostValve.invoke(StandardHostValve.java:168)
	at org.apache.catalina.valves.ErrorReportValve.invoke(ErrorReportValve.java:99)
	at org.apache.catalina.core.StandardEngineValve.invoke(StandardEngineValve.java:118)
	at org.apache.catalina.connector.CoyoteAdapter.service(CoyoteAdapter.java:407)
	at org.apache.coyote.http11.AbstractHttp11Processor.process(AbstractHttp11Processor.java:1002)
	at org.apache.coyote.AbstractProtocol$AbstractConnectionHandler.process(AbstractProtocol.java:585)
	at org.apache.tomcat.util.net.AprEndpoint$SocketProcessor.run(AprEndpoint.java:1813)
	at java.util.concurrent.ThreadPoolExecutor$Worker.runTask(ThreadPoolExecutor.java:886)
	at java.util.concurrent.ThreadPoolExecutor$Worker.run(ThreadPoolExecutor.java:908)
	at java.lang.Thread.run(Thread.java:743)
Aug 23, 2018 10:25:37 AM org.apache.catalina.core.StandardWrapperValve invoke
SEVERE: Servlet.service() for servlet [AxisServlet] in context with path [/dswsbobje] threw exception [https is forbidden] with root cause
javax.servlet.ServletException: https is forbidden
	at org.apache.axis2.transport.http.AxisServlet.preprocessRequest(AxisServlet.java:637)
	at org.apache.axis2.transport.http.AxisServlet.doPost(AxisServlet.java:132)
	at javax.servlet.http.HttpServlet.service(HttpServlet.java:641)
	at javax.servlet.http.HttpServlet.service(HttpServlet.java:722)
	at org.apache.catalina.core.ApplicationFilterChain.internalDoFilter(ApplicationFilterChain.java:305)
	at org.apache.catalina.core.ApplicationFilterChain.doFilter(ApplicationFilterChain.java:210)
	at com.businessobjects.dsws.wsc.common.http.GenerateSessionIDFilter.doFilter(GenerateSessionIDFilter.java:33)
	at org.apache.catalina.core.ApplicationFilterChain.internalDoFilter(ApplicationFilterChain.java:243)
	at org.apache.catalina.core.ApplicationFilterChain.doFilter(ApplicationFilterChain.java:210)
	at com.businessobjects.sdk.actionfilter.WorkflowFilter.doFilter(WorkflowFilter.java:45)
	at org.apache.catalina.core.ApplicationFilterChain.internalDoFilter(ApplicationFilterChain.java:243)
	at org.apache.catalina.core.ApplicationFilterChain.doFilter(ApplicationFilterChain.java:210)
	at com.businessobjects.dsws.wsc.common.axis.FlashFilter.doFilter(FlashFilter.java:45)
	at org.apache.catalina.core.ApplicationFilterChain.internalDoFilter(ApplicationFilterChain.java:243)
	at org.apache.catalina.core.ApplicationFilterChain.doFilter(ApplicationFilterChain.java:210)
	at org.apache.catalina.core.StandardWrapperValve.invoke(StandardWrapperValve.java:222)
	at org.apache.catalina.core.StandardContextValve.invoke(StandardContextValve.java:123)
	at org.apache.catalina.authenticator.AuthenticatorBase.invoke(AuthenticatorBase.java:472)
	at org.apache.catalina.core.StandardHostValve.invoke(StandardHostValve.java:168)
	at org.apache.catalina.valves.ErrorReportValve.invoke(ErrorReportValve.java:99)
	at org.apache.catalina.core.StandardEngineValve.invoke(StandardEngineValve.java:118)
	at org.apache.catalina.connector.CoyoteAdapter.service(CoyoteAdapter.java:407)
	at org.apache.coyote.http11.AbstractHttp11Processor.process(AbstractHttp11Processor.java:1002)
	at org.apache.coyote.AbstractProtocol$AbstractConnectionHandler.process(AbstractProtocol.java:585)
	at org.apache.tomcat.util.net.AprEndpoint$SocketProcessor.run(AprEndpoint.java:1813)
	at java.util.concurrent.ThreadPoolExecutor$Worker.runTask(ThreadPoolExecutor.java:886)
	at java.util.concurrent.ThreadPoolExecutor$Worker.run(ThreadPoolExecutor.java:908)
	at java.lang.Thread.run(Thread.java:743)
Aug 23, 2018 10:27:06 AM org.apache.coyote.AbstractProtocol pause
INFO: Pausing ProtocolHandler ["http-apr-80"]
Aug 23, 2018 10:27:06 AM org.apache.coyote.AbstractProtocol pause
INFO: Pausing ProtocolHandler ["http-apr-443"]
Aug 23, 2018 10:27:06 AM org.apache.catalina.core.StandardService stopInternal
INFO: Stopping service Catalina
Aug 23, 2018 10:27:07 AM org.apache.catalina.loader.WebappClassLoader clearReferencesThreads
SEVERE: The web application [/dswsbobje] appears to have started a thread named [Timer-1] but has failed to stop it. This is very likely to create a memory leak.
Aug 23, 2018 10:27:07 AM org.apache.catalina.loader.WebappClassLoader clearReferencesThreads
SEVERE: The web application [/dswsbobje] appears to have started a thread named [Business Objects - Sessions Clean up] but has failed to stop it. This is very likely to create a memory leak.
Aug 23, 2018 10:27:07 AM org.apache.catalina.loader.WebappClassLoader clearReferencesThreads
SEVERE: The web application [/dswsbobje] appears to have started a thread named [Dashboards Service Connection Management] but has failed to stop it. This is very likely to create a memory leak.
Aug 23, 2018 10:27:07 AM org.apache.catalina.loader.WebappClassLoader clearReferencesThreads
SEVERE: The web application [/dswsbobje] appears to have started a thread named [ORBacus:Client:SenderThread] but has failed to stop it. This is very likely to create a memory leak.
Aug 23, 2018 10:27:07 AM org.apache.catalina.loader.WebappClassLoader clearReferencesThreads
SEVERE: The web application [/dswsbobje] appears to have started a thread named [ORBacus:Client:ReceiverThread] but has failed to stop it. This is very likely to create a memory leak.
Aug 23, 2018 10:27:07 AM org.apache.catalina.loader.WebappClassLoader clearReferencesThreads
SEVERE: The web application [/dswsbobje] appears to have started a thread named [ORBacus:Client:SenderThread] but has failed to stop it. This is very likely to create a memory leak.
Aug 23, 2018 10:27:07 AM org.apache.catalina.loader.WebappClassLoader clearReferencesThreads
SEVERE: The web application [/dswsbobje] appears to have started a thread named [ORBacus:Client:ReceiverThread] but has failed to stop it. This is very likely to create a memory leak.
Aug 23, 2018 10:27:07 AM org.apache.catalina.loader.WebappClassLoader clearReferencesThreads
SEVERE: The web application [/dswsbobje] appears to have started a thread named [ORBacus:Client:SenderThread] but has failed to stop it. This is very likely to create a memory leak.
Aug 23, 2018 10:27:07 AM org.apache.catalina.loader.WebappClassLoader clearReferencesThreads
SEVERE: The web application [/dswsbobje] appears to have started a thread named [ORBacus:Client:ReceiverThread] but has failed to stop it. This is very likely to create a memory leak.
Aug 23, 2018 10:27:07 AM org.apache.catalina.loader.WebappClassLoader clearReferencesThreads
SEVERE: The web application [/dswsbobje] appears to have started a thread named [ORBacus:Client:SenderThread] but has failed to stop it. This is very likely to create a memory leak.
Aug 23, 2018 10:27:07 AM org.apache.catalina.loader.WebappClassLoader clearReferencesThreads
SEVERE: The web application [/dswsbobje] appears to have started a thread named [ORBacus:Client:ReceiverThread] but has failed to stop it. This is very likely to create a memory leak.
Aug 23, 2018 10:27:07 AM org.apache.catalina.loader.WebappClassLoader clearReferencesThreads
SEVERE: The web application [/dswsbobje] appears to have started a thread named [ORBacus:Client:SenderThread] but has failed to stop it. This is very likely to create a memory leak.
Aug 23, 2018 10:27:07 AM org.apache.catalina.loader.WebappClassLoader clearReferencesThreads
SEVERE: The web application [/dswsbobje] appears to have started a thread named [ORBacus:Client:ReceiverThread] but has failed to stop it. This is very likely to create a memory leak.
Aug 23, 2018 10:27:07 AM org.apache.catalina.loader.WebappClassLoader clearReferencesThreads
SEVERE: The web application [/dswsbobje] appears to have started a thread named [ORBacus:Client:SenderThread] but has failed to stop it. This is very likely to create a memory leak.
Aug 23, 2018 10:27:07 AM org.apache.catalina.loader.WebappClassLoader clearReferencesThreads
SEVERE: The web application [/dswsbobje] appears to have started a thread named [ORBacus:Client:ReceiverThread] but has failed to stop it. This is very likely to create a memory leak.
Aug 23, 2018 10:27:07 AM org.apache.catalina.loader.WebappClassLoader clearReferencesThreads
SEVERE: The web application [/dswsbobje] appears to have started a thread named [ORBacus:Client:SenderThread] but has failed to stop it. This is very likely to create a memory leak.
Aug 23, 2018 10:27:07 AM org.apache.catalina.loader.WebappClassLoader clearReferencesThreads
SEVERE: The web application [/dswsbobje] appears to have started a thread named [ORBacus:Client:ReceiverThread] but has failed to stop it. This is very likely to create a memory leak.
Aug 23, 2018 10:27:07 AM org.apache.catalina.loader.WebappClassLoader clearReferencesThreads
SEVERE: The web application [/dswsbobje] appears to have started a thread named [ORBacus:Client:SenderThread] but has failed to stop it. This is very likely to create a memory leak.
Aug 23, 2018 10:27:07 AM org.apache.catalina.loader.WebappClassLoader clearReferencesThreads
SEVERE: The web application [/dswsbobje] appears to have started a thread named [ORBacus:Client:ReceiverThread] but has failed to stop it. This is very likely to create a memory leak.
Aug 23, 2018 10:27:07 AM org.apache.catalina.loader.WebappClassLoader checkThreadLocalMapForLeaks
SEVERE: The web application [/dswsbobje] created a ThreadLocal with key of type [org.aspectj.runtime.internal.cflowstack.ThreadStackFactoryImpl.ThreadCounterImpl] (value [org.aspectj.runtime.internal.cflowstack.ThreadStackFactoryImpl$ThreadCounterImpl@40132bf1]) and a value of type [org.aspectj.runtime.internal.cflowstack.ThreadStackFactoryImpl.ThreadCounterImpl.Counter] (value [org.aspectj.runtime.internal.cflowstack.ThreadStackFactoryImpl$ThreadCounterImpl$Counter@2aa9fc14]) but failed to remove it when the web application was stopped. Threads are going to be renewed over time to try and avoid a probable memory leak.
Aug 23, 2018 10:27:07 AM org.apache.catalina.loader.WebappClassLoader checkThreadLocalMapForLeaks
SEVERE: The web application [/dswsbobje] created a ThreadLocal with key of type [org.apache.xmlbeans.XmlBeans$1] (value [org.apache.xmlbeans.XmlBeans$1@7de49aed]) and a value of type [java.lang.ref.SoftReference] (value [java.lang.ref.SoftReference@2b777e2d]) but failed to remove it when the web application was stopped. Threads are going to be renewed over time to try and avoid a probable memory leak.
Aug 23, 2018 10:27:07 AM org.apache.catalina.loader.WebappClassLoader checkThreadLocalMapForLeaks
SEVERE: The web application [/dswsbobje] created a ThreadLocal with key of type [org.aspectj.runtime.internal.cflowstack.ThreadStackFactoryImpl.ThreadCounterImpl] (value [org.aspectj.runtime.internal.cflowstack.ThreadStackFactoryImpl$ThreadCounterImpl@40132bf1]) and a value of type [org.aspectj.runtime.internal.cflowstack.ThreadStackFactoryImpl.ThreadCounterImpl.Counter] (value [org.aspectj.runtime.internal.cflowstack.ThreadStackFactoryImpl$ThreadCounterImpl$Counter@31fcd2a6]) but failed to remove it when the web application was stopped. Threads are going to be renewed over time to try and avoid a probable memory leak.
Aug 23, 2018 10:27:07 AM org.apache.catalina.loader.WebappClassLoader checkThreadLocalMapForLeaks
SEVERE: The web application [/dswsbobje] created a ThreadLocal with key of type [org.apache.xmlbeans.impl.schema.SchemaTypeLoaderImpl$1] (value [org.apache.xmlbeans.impl.schema.SchemaTypeLoaderImpl$1@4d69a9ed]) and a value of type [java.util.ArrayList] (value [[java.lang.ref.SoftReference@54132e4f]]) but failed to remove it when the web application was stopped. Threads are going to be renewed over time to try and avoid a probable memory leak.
Aug 23, 2018 10:27:07 AM org.apache.catalina.loader.WebappClassLoader checkThreadLocalMapForLeaks
SEVERE: The web application [/dswsbobje] created a ThreadLocal with key of type [org.apache.xmlbeans.impl.store.CharUtil$1] (value [org.apache.xmlbeans.impl.store.CharUtil$1@37456fa8]) and a value of type [java.lang.ref.SoftReference] (value [java.lang.ref.SoftReference@2fa59af1]) but failed to remove it when the web application was stopped. Threads are going to be renewed over time to try and avoid a probable memory leak.
Aug 23, 2018 10:27:07 AM org.apache.catalina.loader.WebappClassLoader checkThreadLocalMapForLeaks
SEVERE: The web application [/dswsbobje] created a ThreadLocal with key of type [org.apache.xmlbeans.XmlBeans$1] (value [org.apache.xmlbeans.XmlBeans$1@7de49aed]) and a value of type [java.lang.ref.SoftReference] (value [java.lang.ref.SoftReference@215f5ca7]) but failed to remove it when the web application was stopped. Threads are going to be renewed over time to try and avoid a probable memory leak.
Aug 23, 2018 10:27:07 AM org.apache.catalina.loader.WebappClassLoader checkThreadLocalMapForLeaks
SEVERE: The web application [/dswsbobje] created a ThreadLocal with key of type [org.aspectj.runtime.internal.cflowstack.ThreadStackFactoryImpl.ThreadCounterImpl] (value [org.aspectj.runtime.internal.cflowstack.ThreadStackFactoryImpl$ThreadCounterImpl@40132bf1]) and a value of type [org.aspectj.runtime.internal.cflowstack.ThreadStackFactoryImpl.ThreadCounterImpl.Counter] (value [org.aspectj.runtime.internal.cflowstack.ThreadStackFactoryImpl$ThreadCounterImpl$Counter@7bbbe90e]) but failed to remove it when the web application was stopped. Threads are going to be renewed over time to try and avoid a probable memory leak.
Aug 23, 2018 10:27:07 AM org.apache.catalina.loader.WebappClassLoader checkThreadLocalMapForLeaks
SEVERE: The web application [/dswsbobje] created a ThreadLocal with key of type [org.apache.xmlbeans.impl.schema.SchemaTypeLoaderImpl$1] (value [org.apache.xmlbeans.impl.schema.SchemaTypeLoaderImpl$1@4d69a9ed]) and a value of type [java.util.ArrayList] (value [[java.lang.ref.SoftReference@6dc1d598]]) but failed to remove it when the web application was stopped. Threads are going to be renewed over time to try and avoid a probable memory leak.
Aug 23, 2018 10:27:07 AM org.apache.catalina.loader.WebappClassLoader checkThreadLocalMapForLeaks
SEVERE: The web application [/dswsbobje] created a ThreadLocal with key of type [org.apache.xmlbeans.impl.store.CharUtil$1] (value [org.apache.xmlbeans.impl.store.CharUtil$1@37456fa8]) and a value of type [java.lang.ref.SoftReference] (value [java.lang.ref.SoftReference@50ae2673]) but failed to remove it when the web application was stopped. Threads are going to be renewed over time to try and avoid a probable memory leak.
Aug 23, 2018 10:27:07 AM org.apache.catalina.loader.WebappClassLoader checkThreadLocalMapForLeaks
SEVERE: The web application [/dswsbobje] created a ThreadLocal with key of type [org.apache.xmlbeans.XmlBeans$1] (value [org.apache.xmlbeans.XmlBeans$1@7de49aed]) and a value of type [java.lang.ref.SoftReference] (value [java.lang.ref.SoftReference@595e7166]) but failed to remove it when the web application was stopped. Threads are going to be renewed over time to try and avoid a probable memory leak.
Aug 23, 2018 10:27:07 AM org.apache.catalina.loader.WebappClassLoader checkThreadLocalMapForLeaks
SEVERE: The web application [/dswsbobje] created a ThreadLocal with key of type [org.aspectj.runtime.internal.cflowstack.ThreadStackFactoryImpl.ThreadCounterImpl] (value [org.aspectj.runtime.internal.cflowstack.ThreadStackFactoryImpl$ThreadCounterImpl@40132bf1]) and a value of type [org.aspectj.runtime.internal.cflowstack.ThreadStackFactoryImpl.ThreadCounterImpl.Counter] (value [org.aspectj.runtime.internal.cflowstack.ThreadStackFactoryImpl$ThreadCounterImpl$Counter@47670d60]) but failed to remove it when the web application was stopped. Threads are going to be renewed over time to try and avoid a probable memory leak.
Aug 23, 2018 10:27:07 AM org.apache.catalina.loader.WebappClassLoader checkThreadLocalMapForLeaks
SEVERE: The web application [/dswsbobje] created a ThreadLocal with key of type [org.apache.xmlbeans.impl.schema.SchemaTypeLoaderImpl$1] (value [org.apache.xmlbeans.impl.schema.SchemaTypeLoaderImpl$1@4d69a9ed]) and a value of type [java.util.ArrayList] (value [[java.lang.ref.SoftReference@3e9f3e3f]]) but failed to remove it when the web application was stopped. Threads are going to be renewed over time to try and avoid a probable memory leak.
Aug 23, 2018 10:27:07 AM org.apache.catalina.loader.WebappClassLoader checkThreadLocalMapForLeaks
SEVERE: The web application [/dswsbobje] created a ThreadLocal with key of type [org.apache.xmlbeans.impl.store.CharUtil$1] (value [org.apache.xmlbeans.impl.store.CharUtil$1@37456fa8]) and a value of type [java.lang.ref.SoftReference] (value [java.lang.ref.SoftReference@48afba37]) but failed to remove it when the web application was stopped. Threads are going to be renewed over time to try and avoid a probable memory leak.
Aug 23, 2018 10:27:07 AM org.apache.catalina.loader.WebappClassLoader checkThreadLocalMapForLeaks
SEVERE: The web application [/dswsbobje] created a ThreadLocal with key of type [org.apache.xmlbeans.XmlBeans$1] (value [org.apache.xmlbeans.XmlBeans$1@7de49aed]) and a value of type [java.lang.ref.SoftReference] (value [java.lang.ref.SoftReference@8ea9629]) but failed to remove it when the web application was stopped. Threads are going to be renewed over time to try and avoid a probable memory leak.
Aug 23, 2018 10:27:07 AM org.apache.catalina.loader.WebappClassLoader checkThreadLocalMapForLeaks
SEVERE: The web application [/dswsbobje] created a ThreadLocal with key of type [org.aspectj.runtime.internal.cflowstack.ThreadStackFactoryImpl.ThreadCounterImpl] (value [org.aspectj.runtime.internal.cflowstack.ThreadStackFactoryImpl$ThreadCounterImpl@40132bf1]) and a value of type [org.aspectj.runtime.internal.cflowstack.ThreadStackFactoryImpl.ThreadCounterImpl.Counter] (value [org.aspectj.runtime.internal.cflowstack.ThreadStackFactoryImpl$ThreadCounterImpl$Counter@61286251]) but failed to remove it when the web application was stopped. Threads are going to be renewed over time to try and avoid a probable memory leak.
Aug 23, 2018 10:27:07 AM org.apache.catalina.loader.WebappClassLoader checkThreadLocalMapForLeaks
SEVERE: The web application [/dswsbobje] created a ThreadLocal with key of type [org.apache.xmlbeans.impl.schema.SchemaTypeLoaderImpl$1] (value [org.apache.xmlbeans.impl.schema.SchemaTypeLoaderImpl$1@4d69a9ed]) and a value of type [java.util.ArrayList] (value [[java.lang.ref.SoftReference@224ee5ac]]) but failed to remove it when the web application was stopped. Threads are going to be renewed over time to try and avoid a probable memory leak.
Aug 23, 2018 10:27:07 AM org.apache.catalina.loader.WebappClassLoader checkThreadLocalMapForLeaks
SEVERE: The web application [/dswsbobje] created a ThreadLocal with key of type [org.apache.xmlbeans.impl.store.CharUtil$1] (value [org.apache.xmlbeans.impl.store.CharUtil$1@37456fa8]) and a value of type [java.lang.ref.SoftReference] (value [java.lang.ref.SoftReference@69c890cc]) but failed to remove it when the web application was stopped. Threads are going to be renewed over time to try and avoid a probable memory leak.
Aug 23, 2018 10:27:07 AM org.apache.catalina.loader.WebappClassLoader checkThreadLocalMapForLeaks
SEVERE: The web application [/dswsbobje] created a ThreadLocal with key of type [org.apache.xmlbeans.XmlBeans$1] (value [org.apache.xmlbeans.XmlBeans$1@7de49aed]) and a value of type [java.lang.ref.SoftReference] (value [java.lang.ref.SoftReference@6e9a7755]) but failed to remove it when the web application was stopped. Threads are going to be renewed over time to try and avoid a probable memory leak.
Aug 23, 2018 10:27:07 AM org.apache.catalina.loader.WebappClassLoader checkThreadLocalMapForLeaks
SEVERE: The web application [/dswsbobje] created a ThreadLocal with key of type [org.aspectj.runtime.internal.cflowstack.ThreadStackFactoryImpl.ThreadCounterImpl] (value [org.aspectj.runtime.internal.cflowstack.ThreadStackFactoryImpl$ThreadCounterImpl@40132bf1]) and a value of type [org.aspectj.runtime.internal.cflowstack.ThreadStackFactoryImpl.ThreadCounterImpl.Counter] (value [org.aspectj.runtime.internal.cflowstack.ThreadStackFactoryImpl$ThreadCounterImpl$Counter@5f10a62d]) but failed to remove it when the web application was stopped. Threads are going to be renewed over time to try and avoid a probable memory leak.
Aug 23, 2018 10:27:07 AM org.apache.catalina.loader.WebappClassLoader checkThreadLocalMapForLeaks
SEVERE: The web application [/dswsbobje] created a ThreadLocal with key of type [org.apache.xmlbeans.impl.schema.SchemaTypeLoaderImpl$1] (value [org.apache.xmlbeans.impl.schema.SchemaTypeLoaderImpl$1@4d69a9ed]) and a value of type [java.util.ArrayList] (value [[java.lang.ref.SoftReference@3e0e051d]]) but failed to remove it when the web application was stopped. Threads are going to be renewed over time to try and avoid a probable memory leak.
Aug 23, 2018 10:27:07 AM org.apache.catalina.loader.WebappClassLoader checkThreadLocalMapForLeaks
SEVERE: The web application [/dswsbobje] created a ThreadLocal with key of type [org.apache.xmlbeans.impl.store.CharUtil$1] (value [org.apache.xmlbeans.impl.store.CharUtil$1@37456fa8]) and a value of type [java.lang.ref.SoftReference] (value [java.lang.ref.SoftReference@a71d2bf]) but failed to remove it when the web application was stopped. Threads are going to be renewed over time to try and avoid a probable memory leak.
Aug 23, 2018 10:27:07 AM org.apache.catalina.loader.WebappClassLoader checkThreadLocalMapForLeaks
SEVERE: The web application [/dswsbobje] created a ThreadLocal with key of type [org.aspectj.runtime.internal.cflowstack.ThreadStackFactoryImpl.ThreadCounterImpl] (value [org.aspectj.runtime.internal.cflowstack.ThreadStackFactoryImpl$ThreadCounterImpl@40132bf1]) and a value of type [org.aspectj.runtime.internal.cflowstack.ThreadStackFactoryImpl.ThreadCounterImpl.Counter] (value [org.aspectj.runtime.internal.cflowstack.ThreadStackFactoryImpl$ThreadCounterImpl$Counter@36c2fef4]) but failed to remove it when the web application was stopped. Threads are going to be renewed over time to try and avoid a probable memory leak.
Aug 23, 2018 10:27:07 AM org.apache.catalina.loader.WebappClassLoader checkThreadLocalMapForLeaks
SEVERE: The web application [/dswsbobje] created a ThreadLocal with key of type [org.apache.xmlbeans.XmlBeans$1] (value [org.apache.xmlbeans.XmlBeans$1@7de49aed]) and a value of type [java.lang.ref.SoftReference] (value [java.lang.ref.SoftReference@3bf06142]) but failed to remove it when the web application was stopped. Threads are going to be renewed over time to try and avoid a probable memory leak.
Aug 23, 2018 10:27:07 AM org.apache.catalina.loader.WebappClassLoader checkThreadLocalMapForLeaks
SEVERE: The web application [/dswsbobje] created a ThreadLocal with key of type [org.aspectj.runtime.internal.cflowstack.ThreadStackFactoryImpl.ThreadCounterImpl] (value [org.aspectj.runtime.internal.cflowstack.ThreadStackFactoryImpl$ThreadCounterImpl@40132bf1]) and a value of type [org.aspectj.runtime.internal.cflowstack.ThreadStackFactoryImpl.ThreadCounterImpl.Counter] (value [org.aspectj.runtime.internal.cflowstack.ThreadStackFactoryImpl$ThreadCounterImpl$Counter@228152cc]) but failed to remove it when the web application was stopped. Threads are going to be renewed over time to try and avoid a probable memory leak.
Aug 23, 2018 10:27:07 AM org.apache.catalina.loader.WebappClassLoader checkThreadLocalMapForLeaks
SEVERE: The web application [/dswsbobje] created a ThreadLocal with key of type [org.apache.xmlbeans.impl.schema.SchemaTypeLoaderImpl$1] (value [org.apache.xmlbeans.impl.schema.SchemaTypeLoaderImpl$1@4d69a9ed]) and a value of type [java.util.ArrayList] (value [[java.lang.ref.SoftReference@5862e0c6]]) but failed to remove it when the web application was stopped. Threads are going to be renewed over time to try and avoid a probable memory leak.
Aug 23, 2018 10:27:07 AM org.apache.catalina.loader.WebappClassLoader checkThreadLocalMapForLeaks
SEVERE: The web application [/dswsbobje] created a ThreadLocal with key of type [org.apache.xmlbeans.impl.store.CharUtil$1] (value [org.apache.xmlbeans.impl.store.CharUtil$1@37456fa8]) and a value of type [java.lang.ref.SoftReference] (value [java.lang.ref.SoftReference@4393147f]) but failed to remove it when the web application was stopped. Threads are going to be renewed over time to try and avoid a probable memory leak.
Aug 23, 2018 10:27:07 AM org.apache.catalina.loader.WebappClassLoader checkThreadLocalMapForLeaks
SEVERE: The web application [/dswsbobje] created a ThreadLocal with key of type [org.apache.xmlbeans.XmlBeans$1] (value [org.apache.xmlbeans.XmlBeans$1@7de49aed]) and a value of type [java.lang.ref.SoftReference] (value [java.lang.ref.SoftReference@6d26c081]) but failed to remove it when the web application was stopped. Threads are going to be renewed over time to try and avoid a probable memory leak.
Aug 23, 2018 10:27:07 AM org.apache.catalina.loader.WebappClassLoader checkThreadLocalMapForLeaks
SEVERE: The web application [/dswsbobje] created a ThreadLocal with key of type [org.aspectj.runtime.internal.cflowstack.ThreadStackFactoryImpl.ThreadCounterImpl] (value [org.aspectj.runtime.internal.cflowstack.ThreadStackFactoryImpl$ThreadCounterImpl@40132bf1]) and a value of type [org.aspectj.runtime.internal.cflowstack.ThreadStackFactoryImpl.ThreadCounterImpl.Counter] (value [org.aspectj.runtime.internal.cflowstack.ThreadStackFactoryImpl$ThreadCounterImpl$Counter@b288d23]) but failed to remove it when the web application was stopped. Threads are going to be renewed over time to try and avoid a probable memory leak.
Aug 23, 2018 10:27:07 AM org.apache.catalina.loader.WebappClassLoader checkThreadLocalMapForLeaks
SEVERE: The web application [/dswsbobje] created a ThreadLocal with key of type [org.apache.xmlbeans.impl.schema.SchemaTypeLoaderImpl$1] (value [org.apache.xmlbeans.impl.schema.SchemaTypeLoaderImpl$1@4d69a9ed]) and a value of type [java.util.ArrayList] (value [[java.lang.ref.SoftReference@1349fa8e]]) but failed to remove it when the web application was stopped. Threads are going to be renewed over time to try and avoid a probable memory leak.
Aug 23, 2018 10:27:07 AM org.apache.catalina.loader.WebappClassLoader checkThreadLocalMapForLeaks
SEVERE: The web application [/dswsbobje] created a ThreadLocal with key of type [org.apache.xmlbeans.impl.store.CharUtil$1] (value [org.apache.xmlbeans.impl.store.CharUtil$1@37456fa8]) and a value of type [java.lang.ref.SoftReference] (value [java.lang.ref.SoftReference@5de08a86]) but failed to remove it when the web application was stopped. Threads are going to be renewed over time to try and avoid a probable memory leak.
Aug 23, 2018 10:27:07 AM org.apache.catalina.loader.WebappClassLoader checkThreadLocalMapForLeaks
SEVERE: The web application [/dswsbobje] created a ThreadLocal with key of type [org.apache.xmlbeans.XmlBeans$1] (value [org.apache.xmlbeans.XmlBeans$1@7de49aed]) and a value of type [java.lang.ref.SoftReference] (value [java.lang.ref.SoftReference@40a69390]) but failed to remove it when the web application was stopped. Threads are going to be renewed over time to try and avoid a probable memory leak.
Aug 23, 2018 10:27:07 AM org.apache.catalina.loader.WebappClassLoader checkThreadLocalMapForLeaks
SEVERE: The web application [/dswsbobje] created a ThreadLocal with key of type [org.aspectj.runtime.internal.cflowstack.ThreadStackFactoryImpl.ThreadCounterImpl] (value [org.aspectj.runtime.internal.cflowstack.ThreadStackFactoryImpl$ThreadCounterImpl@40132bf1]) and a value of type [org.aspectj.runtime.internal.cflowstack.ThreadStackFactoryImpl.ThreadCounterImpl.Counter] (value [org.aspectj.runtime.internal.cflowstack.ThreadStackFactoryImpl$ThreadCounterImpl$Counter@7821f418]) but failed to remove it when the web application was stopped. Threads are going to be renewed over time to try and avoid a probable memory leak.
Aug 23, 2018 10:27:07 AM org.apache.catalina.loader.WebappClassLoader checkThreadLocalMapForLeaks
SEVERE: The web application [/dswsbobje] created a ThreadLocal with key of type [org.apache.xmlbeans.impl.schema.SchemaTypeLoaderImpl$1] (value [org.apache.xmlbeans.impl.schema.SchemaTypeLoaderImpl$1@4d69a9ed]) and a value of type [java.util.ArrayList] (value [[java.lang.ref.SoftReference@7d209145]]) but failed to remove it when the web application was stopped. Threads are going to be renewed over time to try and avoid a probable memory leak.
Aug 23, 2018 10:27:07 AM org.apache.catalina.loader.WebappClassLoader checkThreadLocalMapForLeaks
SEVERE: The web application [/dswsbobje] created a ThreadLocal with key of type [org.apache.xmlbeans.impl.store.CharUtil$1] (value [org.apache.xmlbeans.impl.store.CharUtil$1@37456fa8]) and a value of type [java.lang.ref.SoftReference] (value [java.lang.ref.SoftReference@65218930]) but failed to remove it when the web application was stopped. Threads are going to be renewed over time to try and avoid a probable memory leak.
Aug 23, 2018 10:27:07 AM org.apache.catalina.loader.WebappClassLoader checkThreadLocalMapForLeaks
SEVERE: The web application [/dswsbobje] created a ThreadLocal with key of type [org.aspectj.runtime.internal.cflowstack.ThreadStackFactoryImpl.ThreadCounterImpl] (value [org.aspectj.runtime.internal.cflowstack.ThreadStackFactoryImpl$ThreadCounterImpl@40132bf1]) and a value of type [org.aspectj.runtime.internal.cflowstack.ThreadStackFactoryImpl.ThreadCounterImpl.Counter] (value [org.aspectj.runtime.internal.cflowstack.ThreadStackFactoryImpl$ThreadCounterImpl$Counter@7cb5e22e]) but failed to remove it when the web application was stopped. Threads are going to be renewed over time to try and avoid a probable memory leak.
Aug 23, 2018 10:27:08 AM org.apache.catalina.session.StandardSession writeObject
WARNING: Cannot serialize session attribute 69957185B123672EC13AC33F6C15849F for session 69957185B123672EC13AC33F6C15849F
java.io.NotSerializableException: com.businessobjects.mobilebi.server.subscriptions.impl.EnterpriseSubscriptionManager
	at java.io.ObjectOutputStream.writeObject0(ObjectOutputStream.java:1164)
	at java.io.ObjectOutputStream.writeObject(ObjectOutputStream.java:330)
	at java.util.concurrent.ConcurrentHashMap.writeObject(ConcurrentHashMap.java:1247)
	at sun.reflect.NativeMethodAccessorImpl.invoke0(Native Method)
	at sun.reflect.NativeMethodAccessorImpl.invoke(NativeMethodAccessorImpl.java:39)
	at sun.reflect.DelegatingMethodAccessorImpl.invoke(DelegatingMethodAccessorImpl.java:25)
	at java.lang.reflect.Method.invoke(Method.java:597)
	at java.io.ObjectStreamClass.invokeWriteObject(ObjectStreamClass.java:942)
	at java.io.ObjectOutputStream.writeSerialData(ObjectOutputStream.java:1469)
	at java.io.ObjectOutputStream.writeOrdinaryObject(ObjectOutputStream.java:1400)
	at java.io.ObjectOutputStream.writeObject0(ObjectOutputStream.java:1158)
	at java.io.ObjectOutputStream.defaultWriteFields(ObjectOutputStream.java:1518)
	at java.io.ObjectOutputStream.writeSerialData(ObjectOutputStream.java:1483)
	at java.io.ObjectOutputStream.writeOrdinaryObject(ObjectOutputStream.java:1400)
	at java.io.ObjectOutputStream.writeObject0(ObjectOutputStream.java:1158)
	at java.io.ObjectOutputStream.writeObject(ObjectOutputStream.java:330)
	at org.apache.catalina.session.StandardSession.writeObject(StandardSession.java:1671)
	at org.apache.catalina.session.StandardSession.writeObjectData(StandardSession.java:1077)
	at org.apache.catalina.session.StandardManager.doUnload(StandardManager.java:432)
	at org.apache.catalina.session.StandardManager.unload(StandardManager.java:353)
	at org.apache.catalina.session.StandardManager.stopInternal(StandardManager.java:518)
	at org.apache.catalina.util.LifecycleBase.stop(LifecycleBase.java:232)
	at org.apache.catalina.core.StandardContext.stopInternal(StandardContext.java:5474)
	at org.apache.catalina.util.LifecycleBase.stop(LifecycleBase.java:232)
	at org.apache.catalina.core.ContainerBase$StopChild.call(ContainerBase.java:1575)
	at org.apache.catalina.core.ContainerBase$StopChild.call(ContainerBase.java:1564)
	at java.util.concurrent.FutureTask$Sync.innerRun(FutureTask.java:303)
	at java.util.concurrent.FutureTask.run(FutureTask.java:138)
	at java.util.concurrent.ThreadPoolExecutor$Worker.runTask(ThreadPoolExecutor.java:886)
	at java.util.concurrent.ThreadPoolExecutor$Worker.run(ThreadPoolExecutor.java:908)
	at java.lang.Thread.run(Thread.java:743)
Aug 23, 2018 10:27:08 AM org.apache.catalina.session.StandardSession writeObject
WARNING: Cannot serialize session attribute 694BCCC2232851E689E8F18EC09D406A for session 694BCCC2232851E689E8F18EC09D406A
java.io.NotSerializableException: com.businessobjects.mobilebi.server.subscriptions.impl.EnterpriseSubscriptionManager
	at java.io.ObjectOutputStream.writeObject0(ObjectOutputStream.java:1164)
	at java.io.ObjectOutputStream.writeObject(ObjectOutputStream.java:330)
	at java.util.concurrent.ConcurrentHashMap.writeObject(ConcurrentHashMap.java:1247)
	at sun.reflect.NativeMethodAccessorImpl.invoke0(Native Method)
	at sun.reflect.NativeMethodAccessorImpl.invoke(NativeMethodAccessorImpl.java:39)
	at sun.reflect.DelegatingMethodAccessorImpl.invoke(DelegatingMethodAccessorImpl.java:25)
	at java.lang.reflect.Method.invoke(Method.java:597)
	at java.io.ObjectStreamClass.invokeWriteObject(ObjectStreamClass.java:942)
	at java.io.ObjectOutputStream.writeSerialData(ObjectOutputStream.java:1469)
	at java.io.ObjectOutputStream.writeOrdinaryObject(ObjectOutputStream.java:1400)
	at java.io.ObjectOutputStream.writeObject0(ObjectOutputStream.java:1158)
	at java.io.ObjectOutputStream.defaultWriteFields(ObjectOutputStream.java:1518)
	at java.io.ObjectOutputStream.writeSerialData(ObjectOutputStream.java:1483)
	at java.io.ObjectOutputStream.writeOrdinaryObject(ObjectOutputStream.java:1400)
	at java.io.ObjectOutputStream.writeObject0(ObjectOutputStream.java:1158)
	at java.io.ObjectOutputStream.writeObject(ObjectOutputStream.java:330)
	at org.apache.catalina.session.StandardSession.writeObject(StandardSession.java:1671)
	at org.apache.catalina.session.StandardSession.writeObjectData(StandardSession.java:1077)
	at org.apache.catalina.session.StandardManager.doUnload(StandardManager.java:432)
	at org.apache.catalina.session.StandardManager.unload(StandardManager.java:353)
	at org.apache.catalina.session.StandardManager.stopInternal(StandardManager.java:518)
	at org.apache.catalina.util.LifecycleBase.stop(LifecycleBase.java:232)
	at org.apache.catalina.core.StandardContext.stopInternal(StandardContext.java:5474)
	at org.apache.catalina.util.LifecycleBase.stop(LifecycleBase.java:232)
	at org.apache.catalina.core.ContainerBase$StopChild.call(ContainerBase.java:1575)
	at org.apache.catalina.core.ContainerBase$StopChild.call(ContainerBase.java:1564)
	at java.util.concurrent.FutureTask$Sync.innerRun(FutureTask.java:303)
	at java.util.concurrent.FutureTask.run(FutureTask.java:138)
	at java.util.concurrent.ThreadPoolExecutor$Worker.runTask(ThreadPoolExecutor.java:886)
	at java.util.concurrent.ThreadPoolExecutor$Worker.run(ThreadPoolExecutor.java:908)
	at java.lang.Thread.run(Thread.java:743)
Aug 23, 2018 10:27:08 AM org.apache.catalina.session.StandardSession writeObject
WARNING: Cannot serialize session attribute F91799E917148C04580E90E9840AFDEA for session F91799E917148C04580E90E9840AFDEA
java.io.NotSerializableException: com.businessobjects.mobilebi.server.subscriptions.impl.EnterpriseSubscriptionManager
	at java.io.ObjectOutputStream.writeObject0(ObjectOutputStream.java:1164)
	at java.io.ObjectOutputStream.writeObject(ObjectOutputStream.java:330)
	at java.util.concurrent.ConcurrentHashMap.writeObject(ConcurrentHashMap.java:1247)
	at sun.reflect.NativeMethodAccessorImpl.invoke0(Native Method)
	at sun.reflect.NativeMethodAccessorImpl.invoke(NativeMethodAccessorImpl.java:39)
	at sun.reflect.DelegatingMethodAccessorImpl.invoke(DelegatingMethodAccessorImpl.java:25)
	at java.lang.reflect.Method.invoke(Method.java:597)
	at java.io.ObjectStreamClass.invokeWriteObject(ObjectStreamClass.java:942)
	at java.io.ObjectOutputStream.writeSerialData(ObjectOutputStream.java:1469)
	at java.io.ObjectOutputStream.writeOrdinaryObject(ObjectOutputStream.java:1400)
	at java.io.ObjectOutputStream.writeObject0(ObjectOutputStream.java:1158)
	at java.io.ObjectOutputStream.defaultWriteFields(ObjectOutputStream.java:1518)
	at java.io.ObjectOutputStream.writeSerialData(ObjectOutputStream.java:1483)
	at java.io.ObjectOutputStream.writeOrdinaryObject(ObjectOutputStream.java:1400)
	at java.io.ObjectOutputStream.writeObject0(ObjectOutputStream.java:1158)
	at java.io.ObjectOutputStream.writeObject(ObjectOutputStream.java:330)
	at org.apache.catalina.session.StandardSession.writeObject(StandardSession.java:1671)
	at org.apache.catalina.session.StandardSession.writeObjectData(StandardSession.java:1077)
	at org.apache.catalina.session.StandardManager.doUnload(StandardManager.java:432)
	at org.apache.catalina.session.StandardManager.unload(StandardManager.java:353)
	at org.apache.catalina.session.StandardManager.stopInternal(StandardManager.java:518)
	at org.apache.catalina.util.LifecycleBase.stop(LifecycleBase.java:232)
	at org.apache.catalina.core.StandardContext.stopInternal(StandardContext.java:5474)
	at org.apache.catalina.util.LifecycleBase.stop(LifecycleBase.java:232)
	at org.apache.catalina.core.ContainerBase$StopChild.call(ContainerBase.java:1575)
	at org.apache.catalina.core.ContainerBase$StopChild.call(ContainerBase.java:1564)
	at java.util.concurrent.FutureTask$Sync.innerRun(FutureTask.java:303)
	at java.util.concurrent.FutureTask.run(FutureTask.java:138)
	at java.util.concurrent.ThreadPoolExecutor$Worker.runTask(ThreadPoolExecutor.java:886)
	at java.util.concurrent.ThreadPoolExecutor$Worker.run(ThreadPoolExecutor.java:908)
	at java.lang.Thread.run(Thread.java:743)
Aug 23, 2018 10:27:08 AM org.apache.catalina.session.StandardSession writeObject
WARNING: Cannot serialize session attribute E0EAA410D2C062FD307E06CF51088922 for session E0EAA410D2C062FD307E06CF51088922
java.io.NotSerializableException: com.businessobjects.mobilebi.server.subscriptions.impl.EnterpriseSubscriptionManager
	at java.io.ObjectOutputStream.writeObject0(ObjectOutputStream.java:1164)
	at java.io.ObjectOutputStream.writeObject(ObjectOutputStream.java:330)
	at java.util.concurrent.ConcurrentHashMap.writeObject(ConcurrentHashMap.java:1247)
	at sun.reflect.NativeMethodAccessorImpl.invoke0(Native Method)
	at sun.reflect.NativeMethodAccessorImpl.invoke(NativeMethodAccessorImpl.java:39)
	at sun.reflect.DelegatingMethodAccessorImpl.invoke(DelegatingMethodAccessorImpl.java:25)
	at java.lang.reflect.Method.invoke(Method.java:597)
	at java.io.ObjectStreamClass.invokeWriteObject(ObjectStreamClass.java:942)
	at java.io.ObjectOutputStream.writeSerialData(ObjectOutputStream.java:1469)
	at java.io.ObjectOutputStream.writeOrdinaryObject(ObjectOutputStream.java:1400)
	at java.io.ObjectOutputStream.writeObject0(ObjectOutputStream.java:1158)
	at java.io.ObjectOutputStream.defaultWriteFields(ObjectOutputStream.java:1518)
	at java.io.ObjectOutputStream.writeSerialData(ObjectOutputStream.java:1483)
	at java.io.ObjectOutputStream.writeOrdinaryObject(ObjectOutputStream.java:1400)
	at java.io.ObjectOutputStream.writeObject0(ObjectOutputStream.java:1158)
	at java.io.ObjectOutputStream.writeObject(ObjectOutputStream.java:330)
	at org.apache.catalina.session.StandardSession.writeObject(StandardSession.java:1671)
	at org.apache.catalina.session.StandardSession.writeObjectData(StandardSession.java:1077)
	at org.apache.catalina.session.StandardManager.doUnload(StandardManager.java:432)
	at org.apache.catalina.session.StandardManager.unload(StandardManager.java:353)
	at org.apache.catalina.session.StandardManager.stopInternal(StandardManager.java:518)
	at org.apache.catalina.util.LifecycleBase.stop(LifecycleBase.java:232)
	at org.apache.catalina.core.StandardContext.stopInternal(StandardContext.java:5474)
	at org.apache.catalina.util.LifecycleBase.stop(LifecycleBase.java:232)
	at org.apache.catalina.core.ContainerBase$StopChild.call(ContainerBase.java:1575)
	at org.apache.catalina.core.ContainerBase$StopChild.call(ContainerBase.java:1564)
	at java.util.concurrent.FutureTask$Sync.innerRun(FutureTask.java:303)
	at java.util.concurrent.FutureTask.run(FutureTask.java:138)
	at java.util.concurrent.ThreadPoolExecutor$Worker.runTask(ThreadPoolExecutor.java:886)
	at java.util.concurrent.ThreadPoolExecutor$Worker.run(ThreadPoolExecutor.java:908)
	at java.lang.Thread.run(Thread.java:743)
Aug 23, 2018 10:27:08 AM org.apache.catalina.loader.WebappClassLoader clearReferencesThreads
SEVERE: The web application [/MobileBIService] appears to have started a thread named [Business Objects - Sessions Clean up] but has failed to stop it. This is very likely to create a memory leak.
Aug 23, 2018 10:27:08 AM org.apache.catalina.loader.WebappClassLoader clearReferencesThreads
SEVERE: The web application [/MobileBIService] appears to have started a thread named [ORBacus:Client:SenderThread] but has failed to stop it. This is very likely to create a memory leak.
Aug 23, 2018 10:27:08 AM org.apache.catalina.loader.WebappClassLoader clearReferencesThreads
SEVERE: The web application [/MobileBIService] appears to have started a thread named [ORBacus:Client:ReceiverThread] but has failed to stop it. This is very likely to create a memory leak.
Aug 23, 2018 10:27:08 AM org.apache.catalina.loader.WebappClassLoader clearReferencesThreads
SEVERE: The web application [/MobileBIService] appears to have started a thread named [ORBacus:Client:SenderThread] but has failed to stop it. This is very likely to create a memory leak.
Aug 23, 2018 10:27:08 AM org.apache.catalina.loader.WebappClassLoader clearReferencesThreads
SEVERE: The web application [/MobileBIService] appears to have started a thread named [ORBacus:Client:ReceiverThread] but has failed to stop it. This is very likely to create a memory leak.
Aug 23, 2018 10:27:08 AM org.apache.catalina.loader.WebappClassLoader clearReferencesThreads
SEVERE: The web application [/MobileBIService] appears to have started a thread named [ORBacus:Client:SenderThread] but has failed to stop it. This is very likely to create a memory leak.
Aug 23, 2018 10:27:08 AM org.apache.catalina.loader.WebappClassLoader clearReferencesThreads
SEVERE: The web application [/MobileBIService] appears to have started a thread named [ORBacus:Client:ReceiverThread] but has failed to stop it. This is very likely to create a memory leak.
Aug 23, 2018 10:27:08 AM org.apache.catalina.loader.WebappClassLoader clearReferencesThreads
SEVERE: The web application [/MobileBIService] appears to have started a thread named [ORBacus:Client:SenderThread] but has failed to stop it. This is very likely to create a memory leak.
Aug 23, 2018 10:27:08 AM org.apache.catalina.loader.WebappClassLoader clearReferencesThreads
SEVERE: The web application [/MobileBIService] appears to have started a thread named [ORBacus:Client:ReceiverThread] but has failed to stop it. This is very likely to create a memory leak.
Aug 23, 2018 10:27:08 AM org.apache.catalina.loader.WebappClassLoader checkThreadLocalMapForLeaks
SEVERE: The web application [/MobileBIService] created a ThreadLocal with key of type [org.aspectj.runtime.internal.cflowstack.ThreadStackFactoryImpl.ThreadCounterImpl] (value [org.aspectj.runtime.internal.cflowstack.ThreadStackFactoryImpl$ThreadCounterImpl@4f66a0c7]) and a value of type [org.aspectj.runtime.internal.cflowstack.ThreadStackFactoryImpl.ThreadCounterImpl.Counter] (value [org.aspectj.runtime.internal.cflowstack.ThreadStackFactoryImpl$ThreadCounterImpl$Counter@5ac5918a]) but failed to remove it when the web application was stopped. Threads are going to be renewed over time to try and avoid a probable memory leak.
Aug 23, 2018 10:27:08 AM org.apache.catalina.loader.WebappClassLoader checkThreadLocalMapForLeaks
SEVERE: The web application [/MobileBIService] created a ThreadLocal with key of type [org.aspectj.runtime.internal.cflowstack.ThreadStackFactoryImpl.ThreadCounterImpl] (value [org.aspectj.runtime.internal.cflowstack.ThreadStackFactoryImpl$ThreadCounterImpl@4f66a0c7]) and a value of type [org.aspectj.runtime.internal.cflowstack.ThreadStackFactoryImpl.ThreadCounterImpl.Counter] (value [org.aspectj.runtime.internal.cflowstack.ThreadStackFactoryImpl$ThreadCounterImpl$Counter@60d62994]) but failed to remove it when the web application was stopped. Threads are going to be renewed over time to try and avoid a probable memory leak.
Aug 23, 2018 10:27:08 AM org.apache.catalina.loader.WebappClassLoader checkThreadLocalMapForLeaks
SEVERE: The web application [/MobileBIService] created a ThreadLocal with key of type [org.aspectj.runtime.internal.cflowstack.ThreadStackFactoryImpl.ThreadCounterImpl] (value [org.aspectj.runtime.internal.cflowstack.ThreadStackFactoryImpl$ThreadCounterImpl@4f66a0c7]) and a value of type [org.aspectj.runtime.internal.cflowstack.ThreadStackFactoryImpl.ThreadCounterImpl.Counter] (value [org.aspectj.runtime.internal.cflowstack.ThreadStackFactoryImpl$ThreadCounterImpl$Counter@c43e537]) but failed to remove it when the web application was stopped. Threads are going to be renewed over time to try and avoid a probable memory leak.
Aug 23, 2018 10:27:08 AM org.apache.catalina.loader.WebappClassLoader checkThreadLocalMapForLeaks
SEVERE: The web application [/MobileBIService] created a ThreadLocal with key of type [org.aspectj.runtime.internal.cflowstack.ThreadStackFactoryImpl.ThreadCounterImpl] (value [org.aspectj.runtime.internal.cflowstack.ThreadStackFactoryImpl$ThreadCounterImpl@4f66a0c7]) and a value of type [org.aspectj.runtime.internal.cflowstack.ThreadStackFactoryImpl.ThreadCounterImpl.Counter] (value [org.aspectj.runtime.internal.cflowstack.ThreadStackFactoryImpl$ThreadCounterImpl$Counter@3d7d842b]) but failed to remove it when the web application was stopped. Threads are going to be renewed over time to try and avoid a probable memory leak.
Aug 23, 2018 10:27:08 AM org.apache.catalina.loader.WebappClassLoader checkThreadLocalMapForLeaks
SEVERE: The web application [/MobileBIService] created a ThreadLocal with key of type [org.aspectj.runtime.internal.cflowstack.ThreadStackFactoryImpl.ThreadCounterImpl] (value [org.aspectj.runtime.internal.cflowstack.ThreadStackFactoryImpl$ThreadCounterImpl@4f66a0c7]) and a value of type [org.aspectj.runtime.internal.cflowstack.ThreadStackFactoryImpl.ThreadCounterImpl.Counter] (value [org.aspectj.runtime.internal.cflowstack.ThreadStackFactoryImpl$ThreadCounterImpl$Counter@7b704296]) but failed to remove it when the web application was stopped. Threads are going to be renewed over time to try and avoid a probable memory leak.
Aug 23, 2018 10:27:08 AM org.apache.catalina.loader.WebappClassLoader checkThreadLocalMapForLeaks
SEVERE: The web application [/MobileBIService] created a ThreadLocal with key of type [org.aspectj.runtime.internal.cflowstack.ThreadStackFactoryImpl.ThreadCounterImpl] (value [org.aspectj.runtime.internal.cflowstack.ThreadStackFactoryImpl$ThreadCounterImpl@4f66a0c7]) and a value of type [org.aspectj.runtime.internal.cflowstack.ThreadStackFactoryImpl.ThreadCounterImpl.Counter] (value [org.aspectj.runtime.internal.cflowstack.ThreadStackFactoryImpl$ThreadCounterImpl$Counter@723c52a]) but failed to remove it when the web application was stopped. Threads are going to be renewed over time to try and avoid a probable memory leak.
Aug 23, 2018 10:27:08 AM org.apache.catalina.loader.WebappClassLoader checkThreadLocalMapForLeaks
SEVERE: The web application [/MobileBIService] created a ThreadLocal with key of type [org.aspectj.runtime.internal.cflowstack.ThreadStackFactoryImpl.ThreadCounterImpl] (value [org.aspectj.runtime.internal.cflowstack.ThreadStackFactoryImpl$ThreadCounterImpl@4f66a0c7]) and a value of type [org.aspectj.runtime.internal.cflowstack.ThreadStackFactoryImpl.ThreadCounterImpl.Counter] (value [org.aspectj.runtime.internal.cflowstack.ThreadStackFactoryImpl$ThreadCounterImpl$Counter@3d654c0f]) but failed to remove it when the web application was stopped. Threads are going to be renewed over time to try and avoid a probable memory leak.
Aug 23, 2018 10:27:08 AM org.apache.catalina.loader.WebappClassLoader checkThreadLocalMapForLeaks
SEVERE: The web application [/MobileBIService] created a ThreadLocal with key of type [org.aspectj.runtime.internal.cflowstack.ThreadStackFactoryImpl.ThreadCounterImpl] (value [org.aspectj.runtime.internal.cflowstack.ThreadStackFactoryImpl$ThreadCounterImpl@4f66a0c7]) and a value of type [org.aspectj.runtime.internal.cflowstack.ThreadStackFactoryImpl.ThreadCounterImpl.Counter] (value [org.aspectj.runtime.internal.cflowstack.ThreadStackFactoryImpl$ThreadCounterImpl$Counter@45648c46]) but failed to remove it when the web application was stopped. Threads are going to be renewed over time to try and avoid a probable memory leak.
Aug 23, 2018 10:27:08 AM org.apache.catalina.loader.WebappClassLoader checkThreadLocalMapForLeaks
SEVERE: The web application [/MobileBIService] created a ThreadLocal with key of type [org.aspectj.runtime.internal.cflowstack.ThreadStackFactoryImpl.ThreadCounterImpl] (value [org.aspectj.runtime.internal.cflowstack.ThreadStackFactoryImpl$ThreadCounterImpl@4f66a0c7]) and a value of type [org.aspectj.runtime.internal.cflowstack.ThreadStackFactoryImpl.ThreadCounterImpl.Counter] (value [org.aspectj.runtime.internal.cflowstack.ThreadStackFactoryImpl$ThreadCounterImpl$Counter@4c356b41]) but failed to remove it when the web application was stopped. Threads are going to be renewed over time to try and avoid a probable memory leak.
Aug 23, 2018 10:27:08 AM org.apache.catalina.loader.WebappClassLoader checkThreadLocalMapForLeaks
SEVERE: The web application [/MobileBIService] created a ThreadLocal with key of type [org.aspectj.runtime.internal.cflowstack.ThreadStackFactoryImpl.ThreadCounterImpl] (value [org.aspectj.runtime.internal.cflowstack.ThreadStackFactoryImpl$ThreadCounterImpl@4f66a0c7]) and a value of type [org.aspectj.runtime.internal.cflowstack.ThreadStackFactoryImpl.ThreadCounterImpl.Counter] (value [org.aspectj.runtime.internal.cflowstack.ThreadStackFactoryImpl$ThreadCounterImpl$Counter@47149f7d]) but failed to remove it when the web application was stopped. Threads are going to be renewed over time to try and avoid a probable memory leak.
Aug 23, 2018 10:27:08 AM org.apache.catalina.loader.WebappClassLoader checkThreadLocalMapForLeaks
SEVERE: The web application [/MobileBIService] created a ThreadLocal with key of type [org.aspectj.runtime.internal.cflowstack.ThreadStackFactoryImpl.ThreadCounterImpl] (value [org.aspectj.runtime.internal.cflowstack.ThreadStackFactoryImpl$ThreadCounterImpl@4f66a0c7]) and a value of type [org.aspectj.runtime.internal.cflowstack.ThreadStackFactoryImpl.ThreadCounterImpl.Counter] (value [org.aspectj.runtime.internal.cflowstack.ThreadStackFactoryImpl$ThreadCounterImpl$Counter@1af2ec00]) but failed to remove it when the web application was stopped. Threads are going to be renewed over time to try and avoid a probable memory leak.
Aug 23, 2018 10:27:08 AM org.apache.catalina.loader.WebappClassLoader checkThreadLocalMapForLeaks
SEVERE: The web application [/MobileBIService] created a ThreadLocal with key of type [org.aspectj.runtime.internal.cflowstack.ThreadStackFactoryImpl.ThreadCounterImpl] (value [org.aspectj.runtime.internal.cflowstack.ThreadStackFactoryImpl$ThreadCounterImpl@4f66a0c7]) and a value of type [org.aspectj.runtime.internal.cflowstack.ThreadStackFactoryImpl.ThreadCounterImpl.Counter] (value [org.aspectj.runtime.internal.cflowstack.ThreadStackFactoryImpl$ThreadCounterImpl$Counter@426401d2]) but failed to remove it when the web application was stopped. Threads are going to be renewed over time to try and avoid a probable memory leak.
Aug 23, 2018 10:27:08 AM org.apache.catalina.loader.WebappClassLoader checkThreadLocalMapForLeaks
SEVERE: The web application [/MobileBIService] created a ThreadLocal with key of type [org.aspectj.runtime.internal.cflowstack.ThreadStackFactoryImpl.ThreadCounterImpl] (value [org.aspectj.runtime.internal.cflowstack.ThreadStackFactoryImpl$ThreadCounterImpl@4f66a0c7]) and a value of type [org.aspectj.runtime.internal.cflowstack.ThreadStackFactoryImpl.ThreadCounterImpl.Counter] (value [org.aspectj.runtime.internal.cflowstack.ThreadStackFactoryImpl$ThreadCounterImpl$Counter@33b3a40b]) but failed to remove it when the web application was stopped. Threads are going to be renewed over time to try and avoid a probable memory leak.
Aug 23, 2018 10:27:08 AM org.apache.catalina.loader.WebappClassLoader checkThreadLocalMapForLeaks
SEVERE: The web application [/MobileBIService] created a ThreadLocal with key of type [org.aspectj.runtime.internal.cflowstack.ThreadStackFactoryImpl.ThreadCounterImpl] (value [org.aspectj.runtime.internal.cflowstack.ThreadStackFactoryImpl$ThreadCounterImpl@4f66a0c7]) and a value of type [org.aspectj.runtime.internal.cflowstack.ThreadStackFactoryImpl.ThreadCounterImpl.Counter] (value [org.aspectj.runtime.internal.cflowstack.ThreadStackFactoryImpl$ThreadCounterImpl$Counter@56d6e8b1]) but failed to remove it when the web application was stopped. Threads are going to be renewed over time to try and avoid a probable memory leak.
Aug 23, 2018 10:27:08 AM org.apache.catalina.loader.WebappClassLoader checkThreadLocalMapForLeaks
SEVERE: The web application [/MobileBIService] created a ThreadLocal with key of type [org.aspectj.runtime.internal.cflowstack.ThreadStackFactoryImpl.ThreadCounterImpl] (value [org.aspectj.runtime.internal.cflowstack.ThreadStackFactoryImpl$ThreadCounterImpl@4f66a0c7]) and a value of type [org.aspectj.runtime.internal.cflowstack.ThreadStackFactoryImpl.ThreadCounterImpl.Counter] (value [org.aspectj.runtime.internal.cflowstack.ThreadStackFactoryImpl$ThreadCounterImpl$Counter@3746e901]) but failed to remove it when the web application was stopped. Threads are going to be renewed over time to try and avoid a probable memory leak.
Aug 23, 2018 10:27:08 AM org.apache.catalina.loader.WebappClassLoader checkThreadLocalMapForLeaks
SEVERE: The web application [/MobileBIService] created a ThreadLocal with key of type [org.aspectj.runtime.internal.cflowstack.ThreadStackFactoryImpl.ThreadCounterImpl] (value [org.aspectj.runtime.internal.cflowstack.ThreadStackFactoryImpl$ThreadCounterImpl@4f66a0c7]) and a value of type [org.aspectj.runtime.internal.cflowstack.ThreadStackFactoryImpl.ThreadCounterImpl.Counter] (value [org.aspectj.runtime.internal.cflowstack.ThreadStackFactoryImpl$ThreadCounterImpl$Counter@106b5d01]) but failed to remove it when the web application was stopped. Threads are going to be renewed over time to try and avoid a probable memory leak.
Aug 23, 2018 10:27:08 AM org.apache.catalina.loader.WebappClassLoader checkThreadLocalMapForLeaks
SEVERE: The web application [/MobileBIService] created a ThreadLocal with key of type [org.aspectj.runtime.internal.cflowstack.ThreadStackFactoryImpl.ThreadCounterImpl] (value [org.aspectj.runtime.internal.cflowstack.ThreadStackFactoryImpl$ThreadCounterImpl@4f66a0c7]) and a value of type [org.aspectj.runtime.internal.cflowstack.ThreadStackFactoryImpl.ThreadCounterImpl.Counter] (value [org.aspectj.runtime.internal.cflowstack.ThreadStackFactoryImpl$ThreadCounterImpl$Counter@78a6f512]) but failed to remove it when the web application was stopped. Threads are going to be renewed over time to try and avoid a probable memory leak.
Aug 23, 2018 10:27:08 AM org.apache.catalina.loader.WebappClassLoader checkThreadLocalMapForLeaks
SEVERE: The web application [/MobileBIService] created a ThreadLocal with key of type [org.aspectj.runtime.internal.cflowstack.ThreadStackFactoryImpl.ThreadCounterImpl] (value [org.aspectj.runtime.internal.cflowstack.ThreadStackFactoryImpl$ThreadCounterImpl@4f66a0c7]) and a value of type [org.aspectj.runtime.internal.cflowstack.ThreadStackFactoryImpl.ThreadCounterImpl.Counter] (value [org.aspectj.runtime.internal.cflowstack.ThreadStackFactoryImpl$ThreadCounterImpl$Counter@1923aea0]) but failed to remove it when the web application was stopped. Threads are going to be renewed over time to try and avoid a probable memory leak.
Aug 23, 2018 10:27:08 AM org.apache.catalina.loader.WebappClassLoader checkThreadLocalMapForLeaks
SEVERE: The web application [/MobileBIService] created a ThreadLocal with key of type [org.aspectj.runtime.internal.cflowstack.ThreadStackFactoryImpl.ThreadCounterImpl] (value [org.aspectj.runtime.internal.cflowstack.ThreadStackFactoryImpl$ThreadCounterImpl@4f66a0c7]) and a value of type [org.aspectj.runtime.internal.cflowstack.ThreadStackFactoryImpl.ThreadCounterImpl.Counter] (value [org.aspectj.runtime.internal.cflowstack.ThreadStackFactoryImpl$ThreadCounterImpl$Counter@759d9744]) but failed to remove it when the web application was stopped. Threads are going to be renewed over time to try and avoid a probable memory leak.
Aug 23, 2018 10:27:08 AM org.apache.catalina.loader.WebappClassLoader checkThreadLocalMapForLeaks
SEVERE: The web application [/MobileBIService] created a ThreadLocal with key of type [org.aspectj.runtime.internal.cflowstack.ThreadStackFactoryImpl.ThreadCounterImpl] (value [org.aspectj.runtime.internal.cflowstack.ThreadStackFactoryImpl$ThreadCounterImpl@4f66a0c7]) and a value of type [org.aspectj.runtime.internal.cflowstack.ThreadStackFactoryImpl.ThreadCounterImpl.Counter] (value [org.aspectj.runtime.internal.cflowstack.ThreadStackFactoryImpl$ThreadCounterImpl$Counter@3d362daf]) but failed to remove it when the web application was stopped. Threads are going to be renewed over time to try and avoid a probable memory leak.
Aug 23, 2018 10:27:08 AM org.apache.coyote.AbstractProtocol stop
INFO: Stopping ProtocolHandler ["http-apr-80"]
Aug 23, 2018 10:27:08 AM org.apache.coyote.AbstractProtocol stop
INFO: Stopping ProtocolHandler ["http-apr-443"]
